<?xml version="1.0" encoding="UTF-8"?>
<testng-results ignored="0" total="2" passed="2" failed="0" skipped="0">
  <reporter-output>
  </reporter-output>
  <suite started-at="2025-09-02T13:41:07 EDT" name="Surefire suite" finished-at="2025-09-02T13:41:32 EDT" duration-ms="25252">
    <groups>
      <group name="cucumber">
        <method signature="AbstractTestNGCucumberTests.runScenario(io.cucumber.testng.PickleWrapper,io.cucumber.testng.FeatureWrapper)[pri:0, instance:cucumber.TestRunner@418e7838]" name="runScenario" class="io.cucumber.testng.AbstractTestNGCucumberTests"/>
      </group> <!-- cucumber -->
    </groups>
    <test started-at="2025-09-02T13:41:07 EDT" name="Surefire test" finished-at="2025-09-02T13:41:32 EDT" duration-ms="25252">
      <class name="kene.StandAloneTest">
        <test-method signature="purchaseProduct()[pri:0, instance:kene.StandAloneTest@5bd03f44]" started-at="2025-09-02T13:41:17 EDT" name="purchaseProduct" finished-at="2025-09-02T13:41:32 EDT" duration-ms="15458" status="PASS">
          <reporter-output>
          </reporter-output>
        </test-method> <!-- purchaseProduct -->
      </class> <!-- kene.StandAloneTest -->
      <class name="cucumber.TestRunner">
        <test-method is-config="true" signature="setUpClass(org.testng.ITestContext)[pri:0, instance:cucumber.TestRunner@418e7838]" started-at="2025-09-02T13:41:07 EDT" name="setUpClass" finished-at="2025-09-02T13:41:07 EDT" duration-ms="215" status="PASS">
          <params>
            <param index="0">
              <value>
                <![CDATA[org.testng.TestRunner@3f049056]]>
              </value>
            </param>
          </params>
          <reporter-output>
          </reporter-output>
        </test-method> <!-- setUpClass -->
        <test-method signature="runScenario(io.cucumber.testng.PickleWrapper,io.cucumber.testng.FeatureWrapper)[pri:0, instance:cucumber.TestRunner@418e7838]" started-at="2025-09-02T13:41:07 EDT" name="runScenario" description="Runs Cucumber Scenarios" data-provider="scenarios" finished-at="2025-09-02T13:41:17 EDT" duration-ms="9551" status="PASS">
          <params>
            <param index="0">
              <value>
                <![CDATA["Successful product purchase"]]>
              </value>
            </param>
            <param index="1">
              <value>
                <![CDATA["Purchase a product from Rahul Shetty Academy site"]]>
              </value>
            </param>
          </params>
          <reporter-output>
          </reporter-output>
        </test-method> <!-- runScenario -->
        <test-method is-config="true" signature="tearDownClass()[pri:0, instance:cucumber.TestRunner@418e7838]" started-at="2025-09-02T13:41:17 EDT" name="tearDownClass" finished-at="2025-09-02T13:41:17 EDT" duration-ms="11" status="PASS">
          <reporter-output>
          </reporter-output>
        </test-method> <!-- tearDownClass -->
      </class> <!-- cucumber.TestRunner -->
    </test> <!-- Surefire test -->
  </suite> <!-- Surefire suite -->
</testng-results>
